<?xml version="1.0" encoding="UTF-8"?>
<!-- Generated by org.testng.reporters.JUnitReportReporter -->
<testsuite skipped="0" hostname="mukesh" name="com.ActiTime.TestScript.ActiTime_logout" tests="1" failures="0" timestamp="15 Jul 2019 10:18:17 GMT" time="0.016" errors="0">
  <testcase name="logout" time="0.016" classname="com.ActiTime.TestScript.ActiTime_logout"/>
</testsuite> <!-- com.ActiTime.TestScript.ActiTime_logout -->
